#
# There is insufficient memory for the Java Runtime Environment to continue.
# Native memory allocation (malloc) failed to allocate 637056 bytes. Error detail: Chunk::new
# Possible reasons:
#   The system is out of physical RAM or swap space
#   This process is running with CompressedOops enabled, and the Java Heap may be blocking the growth of the native heap
# Possible solutions:
#   Reduce memory load on the system
#   Increase physical memory or swap space
#   Check if swap backing store is full
#   Decrease Java heap size (-Xmx/-Xms)
#   Decrease number of Java threads
#   Decrease Java thread stack sizes (-Xss)
#   Set larger code cache with -XX:ReservedCodeCacheSize=
#   JVM is running with Unscaled Compressed Oops mode in which the Java heap is
#     placed in the first 4GB address space. The Java Heap base address is the
#     maximum limit for the native heap growth. Please use -XX:HeapBaseMinAddress
#     to set the Java Heap base and to place the Java Heap above 4GB virtual address.
# This output file may be truncated or incomplete.
#
#  Out of Memory Error (arena.cpp:149), pid=8584, tid=8224
#
# JRE version: OpenJDK Runtime Environment Temurin-23.0.2+7 (23.0.2+7) (build 23.0.2+7)
# Java VM: OpenJDK 64-Bit Server VM Temurin-23.0.2+7 (23.0.2+7, mixed mode, tiered, compressed oops, compressed class ptrs, g1 gc, windows-amd64)
# No core dump will be written. Minidumps are not enabled by default on client versions of Windows
#

---------------  S U M M A R Y ------------

Command Line: -Dfile.encoding=UTF-8 -Dstdout.encoding=UTF-8 -Dstderr.encoding=UTF-8 -XX:+ShowCodeDetailsInExceptionMessages electricity.billing.system.Login

Host: Intel(R) Core(TM) i5-6300U CPU @ 2.40GHz, 4 cores, 7G,  Windows 10 , 64 bit Build 19041 (10.0.19041.5438)
Time: Sat Mar 15 18:10:03 2025 Pakistan Standard Time elapsed time: 1.233595 seconds (0d 0h 0m 1s)

---------------  T H R E A D  ---------------

Current thread (0x0000013fd2055440):  JavaThread "C2 CompilerThread0" daemon [_thread_in_native, id=8224, stack(0x00000019c9400000,0x00000019c9500000) (1024K)]


Current CompileTask:
C2:1233  791       4       sun.awt.image.PNGImageDecoder::filterRow (460 bytes)

Stack: [0x00000019c9400000,0x00000019c9500000]
Native frames: (J=compiled Java code, j=interpreted, Vv=VM code, C=native code)
V  [jvm.dll+0x6e8fa9]  (no source info available)
V  [jvm.dll+0x8d96b3]  (no source info available)
V  [jvm.dll+0x8dbb3e]  (no source info available)
V  [jvm.dll+0x8dc213]  (no source info available)
V  [jvm.dll+0x281bc6]  (no source info available)
V  [jvm.dll+0xbbb0f]  (no source info available)
V  [jvm.dll+0xbbd6b]  (no source info available)
V  [jvm.dll+0x2f560d]  (no source info available)
V  [jvm.dll+0x60cae9]  (no source info available)
V  [jvm.dll+0x2542f2]  (no source info available)
V  [jvm.dll+0x2546d5]  (no source info available)
V  [jvm.dll+0x24ce94]  (no source info available)
V  [jvm.dll+0x24a044]  (no source info available)
V  [jvm.dll+0x1c8fb0]  (no source info available)
V  [jvm.dll+0x25a23e]  (no source info available)
V  [jvm.dll+0x25850a]  (no source info available)
V  [jvm.dll+0x3f4916]  (no source info available)
V  [jvm.dll+0x88062b]  (no source info available)
V  [jvm.dll+0x6e77b5]  (no source info available)
C  [ucrtbase.dll+0x21bb2]  (no source info available)
C  [KERNEL32.DLL+0x17374]  (no source info available)
C  [ntdll.dll+0x4cc91]  (no source info available)

Lock stack of current Java thread (top to bottom):


---------------  P R O C E S S  ---------------

Threads class SMR info:
_java_thread_list=0x0000013fd40cc7e0, length=16, elements={
0x0000013fd20294c0, 0x0000013fd204d770, 0x0000013fd20507b0, 0x0000013fd20513c0,
0x0000013fd20525c0, 0x0000013fd2053970, 0x0000013fd2055440, 0x0000013fd2070a60,
0x0000013fd221a570, 0x0000013fd222b830, 0x0000013fd2692fe0, 0x0000013fd2693650,
0x0000013fd26b4770, 0x0000013fd272f170, 0x0000013fd2af7c70, 0x0000013fb41cc1d0
}

Java Threads: ( => current thread )
  0x0000013fd20294c0 JavaThread "Reference Handler"          daemon [_thread_blocked, id=15152, stack(0x00000019c8e00000,0x00000019c8f00000) (1024K)]
  0x0000013fd204d770 JavaThread "Finalizer"                  daemon [_thread_blocked, id=6220, stack(0x00000019c8f00000,0x00000019c9000000) (1024K)]
  0x0000013fd20507b0 JavaThread "Signal Dispatcher"          daemon [_thread_blocked, id=15756, stack(0x00000019c9000000,0x00000019c9100000) (1024K)]
  0x0000013fd20513c0 JavaThread "Attach Listener"            daemon [_thread_blocked, id=14996, stack(0x00000019c9100000,0x00000019c9200000) (1024K)]
  0x0000013fd20525c0 JavaThread "Service Thread"             daemon [_thread_blocked, id=12500, stack(0x00000019c9200000,0x00000019c9300000) (1024K)]
  0x0000013fd2053970 JavaThread "Monitor Deflation Thread"   daemon [_thread_blocked, id=13888, stack(0x00000019c9300000,0x00000019c9400000) (1024K)]
=>0x0000013fd2055440 JavaThread "C2 CompilerThread0"         daemon [_thread_in_native, id=8224, stack(0x00000019c9400000,0x00000019c9500000) (1024K)]
  0x0000013fd2070a60 JavaThread "C1 CompilerThread0"         daemon [_thread_blocked, id=14064, stack(0x00000019c9500000,0x00000019c9600000) (1024K)]
  0x0000013fd221a570 JavaThread "Notification Thread"        daemon [_thread_blocked, id=5064, stack(0x00000019c9600000,0x00000019c9700000) (1024K)]
  0x0000013fd222b830 JavaThread "Common-Cleaner"             daemon [_thread_blocked, id=14600, stack(0x00000019c9700000,0x00000019c9800000) (1024K)]
  0x0000013fd2692fe0 JavaThread "Java2D Disposer"            daemon [_thread_blocked, id=15388, stack(0x00000019c9800000,0x00000019c9900000) (1024K)]
  0x0000013fd2693650 JavaThread "AWT-Shutdown"                      [_thread_blocked, id=16308, stack(0x00000019c9900000,0x00000019c9a00000) (1024K)]
  0x0000013fd26b4770 JavaThread "AWT-Windows"                daemon [_thread_in_native, id=12416, stack(0x00000019c9a00000,0x00000019c9b00000) (1024K)]
  0x0000013fd272f170 JavaThread "Image Fetcher 0"            daemon [_thread_blocked, id=16168, stack(0x00000019c9b00000,0x00000019c9c00000) (1024K)]
  0x0000013fd2af7c70 JavaThread "AWT-EventQueue-0"                  [_thread_in_native, id=5428, stack(0x00000019c9c00000,0x00000019c9d00000) (1024K)]
  0x0000013fb41cc1d0 JavaThread "DestroyJavaVM"                     [_thread_blocked, id=4020, stack(0x00000019c8500000,0x00000019c8600000) (1024K)]
Total: 16

Other Threads:
  0x0000013fd2008460 VMThread "VM Thread"                           [id=8896, stack(0x00000019c8c00000,0x00000019c8d00000) (1024K)]
  0x0000013fcde9f300 WatcherThread "VM Periodic Task Thread"        [id=15848, stack(0x00000019c8b00000,0x00000019c8c00000) (1024K)]
  0x0000013fb6572800 WorkerThread "GC Thread#0"                     [id=10692, stack(0x00000019c8600000,0x00000019c8700000) (1024K)]
  0x0000013fb6588360 ConcurrentGCThread "G1 Main Marker"            [id=14024, stack(0x00000019c8700000,0x00000019c8800000) (1024K)]
  0x0000013fb65896d0 WorkerThread "G1 Conc#0"                       [id=1192, stack(0x00000019c8800000,0x00000019c8900000) (1024K)]
  0x0000013fb65ee440 ConcurrentGCThread "G1 Refine#0"               [id=6992, stack(0x00000019c8900000,0x00000019c8a00000) (1024K)]
  0x0000013fcdd64a10 ConcurrentGCThread "G1 Service"                [id=15468, stack(0x00000019c8a00000,0x00000019c8b00000) (1024K)]
Total: 7

Threads with active compile tasks:
C2 CompilerThread0  1363  791       4       sun.awt.image.PNGImageDecoder::filterRow (460 bytes)
Total: 1

VM state: not at safepoint (normal execution)

VM Mutex/Monitor currently owned by a thread: None

Heap address: 0x0000000081a00000, size: 2022 MB, Compressed Oops mode: 32-bit

CDS archive(s) not mapped
Compressed class space mapped at: 0x0000000037000000-0x0000000077000000, reserved size: 1073741824
Narrow klass base: 0x0000000000000000, Narrow klass shift: 0, Narrow klass range: 0x77000000

GC Precious Log:
 CardTable entry size: 512
 Card Set container configuration: InlinePtr #cards 5 size 8 Array Of Cards #cards 10 size 36 Howl #buckets 4 coarsen threshold 1843 Howl Bitmap #cards 512 size 80 coarsen threshold 460 Card regions per heap region 1 cards per card region 2048
 CPUs: 4 total, 4 available
 Memory: 8083M
 Large Page Support: Disabled
 NUMA Support: Disabled
 Compressed Oops: Enabled (32-bit)
 Heap Region Size: 1M
 Heap Min Capacity: 8M
 Heap Initial Capacity: 128M
 Heap Max Capacity: 2022M
 Pre-touch: Disabled
 Parallel Workers: 4
 Concurrent Workers: 1
 Concurrent Refinement Workers: 4
 Periodic GC: Disabled

Heap:
 garbage-first heap   total reserved 2070528K, committed 131072K, used 10240K [0x0000000081a00000, 0x0000000100000000)
  region size 1024K, 10 young (10240K), 0 survivors (0K)
 Metaspace       used 16130K, committed 16320K, reserved 1114112K
  class space    used 1622K, committed 1728K, reserved 1048576K

Heap Regions: E=young(eden), S=young(survivor), O=old, HS=humongous(starts), HC=humongous(continues), CS=collection set, F=free, TAMS=top-at-mark-start, PB=parsable bottom
|   0|0x0000000081a00000, 0x0000000081b00000, 0x0000000081b00000|100%|HS|  |TAMS 0x0000000081a00000| PB 0x0000000081a00000| Complete |  0
|   1|0x0000000081b00000, 0x0000000081c00000, 0x0000000081c00000|100%|HC|  |TAMS 0x0000000081b00000| PB 0x0000000081b00000| Complete |  0
|   2|0x0000000081c00000, 0x0000000081c00000, 0x0000000081d00000|  0%| F|  |TAMS 0x0000000081c00000| PB 0x0000000081c00000| Untracked |  0
|   3|0x0000000081d00000, 0x0000000081d00000, 0x0000000081e00000|  0%| F|  |TAMS 0x0000000081d00000| PB 0x0000000081d00000| Untracked |  0
|   4|0x0000000081e00000, 0x0000000081e00000, 0x0000000081f00000|  0%| F|  |TAMS 0x0000000081e00000| PB 0x0000000081e00000| Untracked |  0
|   5|0x0000000081f00000, 0x0000000081f00000, 0x0000000082000000|  0%| F|  |TAMS 0x0000000081f00000| PB 0x0000000081f00000| Untracked |  0
|   6|0x0000000082000000, 0x0000000082000000, 0x0000000082100000|  0%| F|  |TAMS 0x0000000082000000| PB 0x0000000082000000| Untracked |  0
|   7|0x0000000082100000, 0x0000000082100000, 0x0000000082200000|  0%| F|  |TAMS 0x0000000082100000| PB 0x0000000082100000| Untracked |  0
|   8|0x0000000082200000, 0x0000000082200000, 0x0000000082300000|  0%| F|  |TAMS 0x0000000082200000| PB 0x0000000082200000| Untracked |  0
|   9|0x0000000082300000, 0x0000000082300000, 0x0000000082400000|  0%| F|  |TAMS 0x0000000082300000| PB 0x0000000082300000| Untracked |  0
|  10|0x0000000082400000, 0x0000000082400000, 0x0000000082500000|  0%| F|  |TAMS 0x0000000082400000| PB 0x0000000082400000| Untracked |  0
|  11|0x0000000082500000, 0x0000000082500000, 0x0000000082600000|  0%| F|  |TAMS 0x0000000082500000| PB 0x0000000082500000| Untracked |  0
|  12|0x0000000082600000, 0x0000000082600000, 0x0000000082700000|  0%| F|  |TAMS 0x0000000082600000| PB 0x0000000082600000| Untracked |  0
|  13|0x0000000082700000, 0x0000000082700000, 0x0000000082800000|  0%| F|  |TAMS 0x0000000082700000| PB 0x0000000082700000| Untracked |  0
|  14|0x0000000082800000, 0x0000000082800000, 0x0000000082900000|  0%| F|  |TAMS 0x0000000082800000| PB 0x0000000082800000| Untracked |  0
|  15|0x0000000082900000, 0x0000000082900000, 0x0000000082a00000|  0%| F|  |TAMS 0x0000000082900000| PB 0x0000000082900000| Untracked |  0
|  16|0x0000000082a00000, 0x0000000082a00000, 0x0000000082b00000|  0%| F|  |TAMS 0x0000000082a00000| PB 0x0000000082a00000| Untracked |  0
|  17|0x0000000082b00000, 0x0000000082b00000, 0x0000000082c00000|  0%| F|  |TAMS 0x0000000082b00000| PB 0x0000000082b00000| Untracked |  0
|  18|0x0000000082c00000, 0x0000000082c00000, 0x0000000082d00000|  0%| F|  |TAMS 0x0000000082c00000| PB 0x0000000082c00000| Untracked |  0
|  19|0x0000000082d00000, 0x0000000082d00000, 0x0000000082e00000|  0%| F|  |TAMS 0x0000000082d00000| PB 0x0000000082d00000| Untracked |  0
|  20|0x0000000082e00000, 0x0000000082e00000, 0x0000000082f00000|  0%| F|  |TAMS 0x0000000082e00000| PB 0x0000000082e00000| Untracked |  0
|  21|0x0000000082f00000, 0x0000000082f00000, 0x0000000083000000|  0%| F|  |TAMS 0x0000000082f00000| PB 0x0000000082f00000| Untracked |  0
|  22|0x0000000083000000, 0x0000000083000000, 0x0000000083100000|  0%| F|  |TAMS 0x0000000083000000| PB 0x0000000083000000| Untracked |  0
|  23|0x0000000083100000, 0x0000000083100000, 0x0000000083200000|  0%| F|  |TAMS 0x0000000083100000| PB 0x0000000083100000| Untracked |  0
|  24|0x0000000083200000, 0x0000000083200000, 0x0000000083300000|  0%| F|  |TAMS 0x0000000083200000| PB 0x0000000083200000| Untracked |  0
|  25|0x0000000083300000, 0x0000000083300000, 0x0000000083400000|  0%| F|  |TAMS 0x0000000083300000| PB 0x0000000083300000| Untracked |  0
|  26|0x0000000083400000, 0x0000000083400000, 0x0000000083500000|  0%| F|  |TAMS 0x0000000083400000| PB 0x0000000083400000| Untracked |  0
|  27|0x0000000083500000, 0x0000000083500000, 0x0000000083600000|  0%| F|  |TAMS 0x0000000083500000| PB 0x0000000083500000| Untracked |  0
|  28|0x0000000083600000, 0x0000000083600000, 0x0000000083700000|  0%| F|  |TAMS 0x0000000083600000| PB 0x0000000083600000| Untracked |  0
|  29|0x0000000083700000, 0x0000000083700000, 0x0000000083800000|  0%| F|  |TAMS 0x0000000083700000| PB 0x0000000083700000| Untracked |  0
|  30|0x0000000083800000, 0x0000000083800000, 0x0000000083900000|  0%| F|  |TAMS 0x0000000083800000| PB 0x0000000083800000| Untracked |  0
|  31|0x0000000083900000, 0x0000000083900000, 0x0000000083a00000|  0%| F|  |TAMS 0x0000000083900000| PB 0x0000000083900000| Untracked |  0
|  32|0x0000000083a00000, 0x0000000083a00000, 0x0000000083b00000|  0%| F|  |TAMS 0x0000000083a00000| PB 0x0000000083a00000| Untracked |  0
|  33|0x0000000083b00000, 0x0000000083b00000, 0x0000000083c00000|  0%| F|  |TAMS 0x0000000083b00000| PB 0x0000000083b00000| Untracked |  0
|  34|0x0000000083c00000, 0x0000000083c00000, 0x0000000083d00000|  0%| F|  |TAMS 0x0000000083c00000| PB 0x0000000083c00000| Untracked |  0
|  35|0x0000000083d00000, 0x0000000083d00000, 0x0000000083e00000|  0%| F|  |TAMS 0x0000000083d00000| PB 0x0000000083d00000| Untracked |  0
|  36|0x0000000083e00000, 0x0000000083e00000, 0x0000000083f00000|  0%| F|  |TAMS 0x0000000083e00000| PB 0x0000000083e00000| Untracked |  0
|  37|0x0000000083f00000, 0x0000000083f00000, 0x0000000084000000|  0%| F|  |TAMS 0x0000000083f00000| PB 0x0000000083f00000| Untracked |  0
|  38|0x0000000084000000, 0x0000000084000000, 0x0000000084100000|  0%| F|  |TAMS 0x0000000084000000| PB 0x0000000084000000| Untracked |  0
|  39|0x0000000084100000, 0x0000000084100000, 0x0000000084200000|  0%| F|  |TAMS 0x0000000084100000| PB 0x0000000084100000| Untracked |  0
|  40|0x0000000084200000, 0x0000000084200000, 0x0000000084300000|  0%| F|  |TAMS 0x0000000084200000| PB 0x0000000084200000| Untracked |  0
|  41|0x0000000084300000, 0x0000000084300000, 0x0000000084400000|  0%| F|  |TAMS 0x0000000084300000| PB 0x0000000084300000| Untracked |  0
|  42|0x0000000084400000, 0x0000000084400000, 0x0000000084500000|  0%| F|  |TAMS 0x0000000084400000| PB 0x0000000084400000| Untracked |  0
|  43|0x0000000084500000, 0x0000000084500000, 0x0000000084600000|  0%| F|  |TAMS 0x0000000084500000| PB 0x0000000084500000| Untracked |  0
|  44|0x0000000084600000, 0x0000000084600000, 0x0000000084700000|  0%| F|  |TAMS 0x0000000084600000| PB 0x0000000084600000| Untracked |  0
|  45|0x0000000084700000, 0x0000000084700000, 0x0000000084800000|  0%| F|  |TAMS 0x0000000084700000| PB 0x0000000084700000| Untracked |  0
|  46|0x0000000084800000, 0x0000000084800000, 0x0000000084900000|  0%| F|  |TAMS 0x0000000084800000| PB 0x0000000084800000| Untracked |  0
|  47|0x0000000084900000, 0x0000000084900000, 0x0000000084a00000|  0%| F|  |TAMS 0x0000000084900000| PB 0x0000000084900000| Untracked |  0
|  48|0x0000000084a00000, 0x0000000084a00000, 0x0000000084b00000|  0%| F|  |TAMS 0x0000000084a00000| PB 0x0000000084a00000| Untracked |  0
|  49|0x0000000084b00000, 0x0000000084b00000, 0x0000000084c00000|  0%| F|  |TAMS 0x0000000084b00000| PB 0x0000000084b00000| Untracked |  0
|  50|0x0000000084c00000, 0x0000000084c00000, 0x0000000084d00000|  0%| F|  |TAMS 0x0000000084c00000| PB 0x0000000084c00000| Untracked |  0
|  51|0x0000000084d00000, 0x0000000084d00000, 0x0000000084e00000|  0%| F|  |TAMS 0x0000000084d00000| PB 0x0000000084d00000| Untracked |  0
|  52|0x0000000084e00000, 0x0000000084e00000, 0x0000000084f00000|  0%| F|  |TAMS 0x0000000084e00000| PB 0x0000000084e00000| Untracked |  0
|  53|0x0000000084f00000, 0x0000000084f00000, 0x0000000085000000|  0%| F|  |TAMS 0x0000000084f00000| PB 0x0000000084f00000| Untracked |  0
|  54|0x0000000085000000, 0x0000000085000000, 0x0000000085100000|  0%| F|  |TAMS 0x0000000085000000| PB 0x0000000085000000| Untracked |  0
|  55|0x0000000085100000, 0x0000000085100000, 0x0000000085200000|  0%| F|  |TAMS 0x0000000085100000| PB 0x0000000085100000| Untracked |  0
|  56|0x0000000085200000, 0x0000000085200000, 0x0000000085300000|  0%| F|  |TAMS 0x0000000085200000| PB 0x0000000085200000| Untracked |  0
|  57|0x0000000085300000, 0x0000000085300000, 0x0000000085400000|  0%| F|  |TAMS 0x0000000085300000| PB 0x0000000085300000| Untracked |  0
|  58|0x0000000085400000, 0x0000000085400000, 0x0000000085500000|  0%| F|  |TAMS 0x0000000085400000| PB 0x0000000085400000| Untracked |  0
|  59|0x0000000085500000, 0x0000000085500000, 0x0000000085600000|  0%| F|  |TAMS 0x0000000085500000| PB 0x0000000085500000| Untracked |  0
|  60|0x0000000085600000, 0x0000000085600000, 0x0000000085700000|  0%| F|  |TAMS 0x0000000085600000| PB 0x0000000085600000| Untracked |  0
|  61|0x0000000085700000, 0x0000000085700000, 0x0000000085800000|  0%| F|  |TAMS 0x0000000085700000| PB 0x0000000085700000| Untracked |  0
|  62|0x0000000085800000, 0x0000000085800000, 0x0000000085900000|  0%| F|  |TAMS 0x0000000085800000| PB 0x0000000085800000| Untracked |  0
|  63|0x0000000085900000, 0x0000000085900000, 0x0000000085a00000|  0%| F|  |TAMS 0x0000000085900000| PB 0x0000000085900000| Untracked |  0
|  64|0x0000000085a00000, 0x0000000085a00000, 0x0000000085b00000|  0%| F|  |TAMS 0x0000000085a00000| PB 0x0000000085a00000| Untracked |  0
|  65|0x0000000085b00000, 0x0000000085b00000, 0x0000000085c00000|  0%| F|  |TAMS 0x0000000085b00000| PB 0x0000000085b00000| Untracked |  0
|  66|0x0000000085c00000, 0x0000000085c00000, 0x0000000085d00000|  0%| F|  |TAMS 0x0000000085c00000| PB 0x0000000085c00000| Untracked |  0
|  67|0x0000000085d00000, 0x0000000085d00000, 0x0000000085e00000|  0%| F|  |TAMS 0x0000000085d00000| PB 0x0000000085d00000| Untracked |  0
|  68|0x0000000085e00000, 0x0000000085e00000, 0x0000000085f00000|  0%| F|  |TAMS 0x0000000085e00000| PB 0x0000000085e00000| Untracked |  0
|  69|0x0000000085f00000, 0x0000000085f00000, 0x0000000086000000|  0%| F|  |TAMS 0x0000000085f00000| PB 0x0000000085f00000| Untracked |  0
|  70|0x0000000086000000, 0x0000000086000000, 0x0000000086100000|  0%| F|  |TAMS 0x0000000086000000| PB 0x0000000086000000| Untracked |  0
|  71|0x0000000086100000, 0x0000000086100000, 0x0000000086200000|  0%| F|  |TAMS 0x0000000086100000| PB 0x0000000086100000| Untracked |  0
|  72|0x0000000086200000, 0x0000000086200000, 0x0000000086300000|  0%| F|  |TAMS 0x0000000086200000| PB 0x0000000086200000| Untracked |  0
|  73|0x0000000086300000, 0x0000000086300000, 0x0000000086400000|  0%| F|  |TAMS 0x0000000086300000| PB 0x0000000086300000| Untracked |  0
|  74|0x0000000086400000, 0x0000000086400000, 0x0000000086500000|  0%| F|  |TAMS 0x0000000086400000| PB 0x0000000086400000| Untracked |  0
|  75|0x0000000086500000, 0x0000000086500000, 0x0000000086600000|  0%| F|  |TAMS 0x0000000086500000| PB 0x0000000086500000| Untracked |  0
|  76|0x0000000086600000, 0x0000000086600000, 0x0000000086700000|  0%| F|  |TAMS 0x0000000086600000| PB 0x0000000086600000| Untracked |  0
|  77|0x0000000086700000, 0x0000000086700000, 0x0000000086800000|  0%| F|  |TAMS 0x0000000086700000| PB 0x0000000086700000| Untracked |  0
|  78|0x0000000086800000, 0x0000000086800000, 0x0000000086900000|  0%| F|  |TAMS 0x0000000086800000| PB 0x0000000086800000| Untracked |  0
|  79|0x0000000086900000, 0x0000000086900000, 0x0000000086a00000|  0%| F|  |TAMS 0x0000000086900000| PB 0x0000000086900000| Untracked |  0
|  80|0x0000000086a00000, 0x0000000086a00000, 0x0000000086b00000|  0%| F|  |TAMS 0x0000000086a00000| PB 0x0000000086a00000| Untracked |  0
|  81|0x0000000086b00000, 0x0000000086b00000, 0x0000000086c00000|  0%| F|  |TAMS 0x0000000086b00000| PB 0x0000000086b00000| Untracked |  0
|  82|0x0000000086c00000, 0x0000000086c00000, 0x0000000086d00000|  0%| F|  |TAMS 0x0000000086c00000| PB 0x0000000086c00000| Untracked |  0
|  83|0x0000000086d00000, 0x0000000086d00000, 0x0000000086e00000|  0%| F|  |TAMS 0x0000000086d00000| PB 0x0000000086d00000| Untracked |  0
|  84|0x0000000086e00000, 0x0000000086e00000, 0x0000000086f00000|  0%| F|  |TAMS 0x0000000086e00000| PB 0x0000000086e00000| Untracked |  0
|  85|0x0000000086f00000, 0x0000000086f00000, 0x0000000087000000|  0%| F|  |TAMS 0x0000000086f00000| PB 0x0000000086f00000| Untracked |  0
|  86|0x0000000087000000, 0x0000000087000000, 0x0000000087100000|  0%| F|  |TAMS 0x0000000087000000| PB 0x0000000087000000| Untracked |  0
|  87|0x0000000087100000, 0x0000000087100000, 0x0000000087200000|  0%| F|  |TAMS 0x0000000087100000| PB 0x0000000087100000| Untracked |  0
|  88|0x0000000087200000, 0x0000000087200000, 0x0000000087300000|  0%| F|  |TAMS 0x0000000087200000| PB 0x0000000087200000| Untracked |  0
|  89|0x0000000087300000, 0x0000000087300000, 0x0000000087400000|  0%| F|  |TAMS 0x0000000087300000| PB 0x0000000087300000| Untracked |  0
|  90|0x0000000087400000, 0x0000000087400000, 0x0000000087500000|  0%| F|  |TAMS 0x0000000087400000| PB 0x0000000087400000| Untracked |  0
|  91|0x0000000087500000, 0x0000000087500000, 0x0000000087600000|  0%| F|  |TAMS 0x0000000087500000| PB 0x0000000087500000| Untracked |  0
|  92|0x0000000087600000, 0x0000000087600000, 0x0000000087700000|  0%| F|  |TAMS 0x0000000087600000| PB 0x0000000087600000| Untracked |  0
|  93|0x0000000087700000, 0x0000000087700000, 0x0000000087800000|  0%| F|  |TAMS 0x0000000087700000| PB 0x0000000087700000| Untracked |  0
|  94|0x0000000087800000, 0x0000000087800000, 0x0000000087900000|  0%| F|  |TAMS 0x0000000087800000| PB 0x0000000087800000| Untracked |  0
|  95|0x0000000087900000, 0x0000000087900000, 0x0000000087a00000|  0%| F|  |TAMS 0x0000000087900000| PB 0x0000000087900000| Untracked |  0
|  96|0x0000000087a00000, 0x0000000087a00000, 0x0000000087b00000|  0%| F|  |TAMS 0x0000000087a00000| PB 0x0000000087a00000| Untracked |  0
|  97|0x0000000087b00000, 0x0000000087b00000, 0x0000000087c00000|  0%| F|  |TAMS 0x0000000087b00000| PB 0x0000000087b00000| Untracked |  0
|  98|0x0000000087c00000, 0x0000000087c00000, 0x0000000087d00000|  0%| F|  |TAMS 0x0000000087c00000| PB 0x0000000087c00000| Untracked |  0
|  99|0x0000000087d00000, 0x0000000087d00000, 0x0000000087e00000|  0%| F|  |TAMS 0x0000000087d00000| PB 0x0000000087d00000| Untracked |  0
| 100|0x0000000087e00000, 0x0000000087e00000, 0x0000000087f00000|  0%| F|  |TAMS 0x0000000087e00000| PB 0x0000000087e00000| Untracked |  0
| 101|0x0000000087f00000, 0x0000000087f00000, 0x0000000088000000|  0%| F|  |TAMS 0x0000000087f00000| PB 0x0000000087f00000| Untracked |  0
| 102|0x0000000088000000, 0x0000000088000000, 0x0000000088100000|  0%| F|  |TAMS 0x0000000088000000| PB 0x0000000088000000| Untracked |  0
| 103|0x0000000088100000, 0x0000000088100000, 0x0000000088200000|  0%| F|  |TAMS 0x0000000088100000| PB 0x0000000088100000| Untracked |  0
| 104|0x0000000088200000, 0x0000000088200000, 0x0000000088300000|  0%| F|  |TAMS 0x0000000088200000| PB 0x0000000088200000| Untracked |  0
| 105|0x0000000088300000, 0x0000000088300000, 0x0000000088400000|  0%| F|  |TAMS 0x0000000088300000| PB 0x0000000088300000| Untracked |  0
| 106|0x0000000088400000, 0x0000000088400000, 0x0000000088500000|  0%| F|  |TAMS 0x0000000088400000| PB 0x0000000088400000| Untracked |  0
| 107|0x0000000088500000, 0x0000000088500000, 0x0000000088600000|  0%| F|  |TAMS 0x0000000088500000| PB 0x0000000088500000| Untracked |  0
| 108|0x0000000088600000, 0x0000000088600000, 0x0000000088700000|  0%| F|  |TAMS 0x0000000088600000| PB 0x0000000088600000| Untracked |  0
| 109|0x0000000088700000, 0x0000000088700000, 0x0000000088800000|  0%| F|  |TAMS 0x0000000088700000| PB 0x0000000088700000| Untracked |  0
| 110|0x0000000088800000, 0x0000000088800000, 0x0000000088900000|  0%| F|  |TAMS 0x0000000088800000| PB 0x0000000088800000| Untracked |  0
| 111|0x0000000088900000, 0x0000000088900000, 0x0000000088a00000|  0%| F|  |TAMS 0x0000000088900000| PB 0x0000000088900000| Untracked |  0
| 112|0x0000000088a00000, 0x0000000088a00000, 0x0000000088b00000|  0%| F|  |TAMS 0x0000000088a00000| PB 0x0000000088a00000| Untracked |  0
| 113|0x0000000088b00000, 0x0000000088b00000, 0x0000000088c00000|  0%| F|  |TAMS 0x0000000088b00000| PB 0x0000000088b00000| Untracked |  0
| 114|0x0000000088c00000, 0x0000000088c00000, 0x0000000088d00000|  0%| F|  |TAMS 0x0000000088c00000| PB 0x0000000088c00000| Untracked |  0
| 115|0x0000000088d00000, 0x0000000088d00000, 0x0000000088e00000|  0%| F|  |TAMS 0x0000000088d00000| PB 0x0000000088d00000| Untracked |  0
| 116|0x0000000088e00000, 0x0000000088e00000, 0x0000000088f00000|  0%| F|  |TAMS 0x0000000088e00000| PB 0x0000000088e00000| Untracked |  0
| 117|0x0000000088f00000, 0x0000000088f00000, 0x0000000089000000|  0%| F|  |TAMS 0x0000000088f00000| PB 0x0000000088f00000| Untracked |  0
| 118|0x0000000089000000, 0x0000000089047b58, 0x0000000089100000| 28%| E|  |TAMS 0x0000000089000000| PB 0x0000000089000000| Complete |  0
| 119|0x0000000089100000, 0x0000000089200000, 0x0000000089200000|100%| E|CS|TAMS 0x0000000089100000| PB 0x0000000089100000| Complete |  0
| 120|0x0000000089200000, 0x0000000089300000, 0x0000000089300000|100%| E|  |TAMS 0x0000000089200000| PB 0x0000000089200000| Complete |  0
| 121|0x0000000089300000, 0x0000000089400000, 0x0000000089400000|100%| E|CS|TAMS 0x0000000089300000| PB 0x0000000089300000| Complete |  0
| 122|0x0000000089400000, 0x0000000089500000, 0x0000000089500000|100%| E|CS|TAMS 0x0000000089400000| PB 0x0000000089400000| Complete |  0
| 123|0x0000000089500000, 0x0000000089600000, 0x0000000089600000|100%| E|CS|TAMS 0x0000000089500000| PB 0x0000000089500000| Complete |  0
| 124|0x0000000089600000, 0x0000000089700000, 0x0000000089700000|100%| E|CS|TAMS 0x0000000089600000| PB 0x0000000089600000| Complete |  0
| 125|0x0000000089700000, 0x0000000089800000, 0x0000000089800000|100%| E|CS|TAMS 0x0000000089700000| PB 0x0000000089700000| Complete |  0
| 126|0x0000000089800000, 0x0000000089900000, 0x0000000089900000|100%| E|CS|TAMS 0x0000000089800000| PB 0x0000000089800000| Complete |  0
| 127|0x0000000089900000, 0x0000000089a00000, 0x0000000089a00000|100%| E|CS|TAMS 0x0000000089900000| PB 0x0000000089900000| Complete |  0

Card table byte_map: [0x0000013fc9660000,0x0000013fc9a60000] _byte_map_base: 0x0000013fc9253000

Marking Bits: (CMBitMap*) 0x0000013fb6572e20
 Bits: [0x0000013fc9a60000, 0x0000013fcb9f8000)

Polling page: 0x0000013fb4190000

Metaspace:

Usage:
  Non-class:     14.17 MB used.
      Class:      1.58 MB used.
       Both:     15.75 MB used.

Virtual space:
  Non-class space:       64.00 MB reserved,      14.25 MB ( 22%) committed,  1 nodes.
      Class space:        1.00 GB reserved,       1.69 MB ( <1%) committed,  1 nodes.
             Both:        1.06 GB reserved,      15.94 MB (  1%) committed. 

Chunk freelists:
   Non-Class:  1.00 MB
       Class:  14.24 MB
        Both:  15.24 MB

MaxMetaspaceSize: unlimited
CompressedClassSpaceSize: 1.00 GB
Initial GC threshold: 21.00 MB
Current GC threshold: 21.00 MB
CDS: off
 - commit_granule_bytes: 65536.
 - commit_granule_words: 8192.
 - virtual_space_node_default_size: 8388608.
 - enlarge_chunks_in_place: 1.
 - use_allocation_guard: 0.


Internal statistics:

num_allocs_failed_limit: 0.
num_arena_births: 150.
num_arena_deaths: 0.
num_vsnodes_births: 2.
num_vsnodes_deaths: 0.
num_space_committed: 255.
num_space_uncommitted: 0.
num_chunks_returned_to_freelist: 0.
num_chunks_taken_from_freelist: 252.
num_chunk_merges: 0.
num_chunk_splits: 117.
num_chunks_enlarged: 25.
num_inconsistent_stats: 0.

CodeHeap 'non-profiled nmethods': size=120064Kb used=242Kb max_used=242Kb free=119821Kb
 bounds [0x0000013fc1d20000, 0x0000013fc1f90000, 0x0000013fc9260000]
CodeHeap 'profiled nmethods': size=120000Kb used=1152Kb max_used=1152Kb free=118847Kb
 bounds [0x0000013fba260000, 0x0000013fba4d0000, 0x0000013fc1790000]
CodeHeap 'non-nmethods': size=5696Kb used=1530Kb max_used=1548Kb free=4165Kb
 bounds [0x0000013fc1790000, 0x0000013fc1a00000, 0x0000013fc1d20000]
CodeCache: size=245760Kb, used=2924Kb, max_used=2942Kb, free=242833Kb
 total_blobs=1524, nmethods=908, adapters=522, full_count=0
Compilation: enabled, stopped_count=0, restarted_count=0

Compilation events (20 events):
Event: 1.176 Thread 0x0000013fd2070a60  863       3       jdk.internal.org.objectweb.asm.MethodWriter::visitTypeInsn (116 bytes)
Event: 1.176 Thread 0x0000013fd2070a60 nmethod 863 0x0000013fba371888 code [0x0000013fba371a00, 0x0000013fba371dd8]
Event: 1.176 Thread 0x0000013fd2070a60  864       3       java.lang.invoke.LambdaFormBuffer::changeName (149 bytes)
Event: 1.176 Thread 0x0000013fd2070a60 nmethod 864 0x0000013fba371e08 code [0x0000013fba371f60, 0x0000013fba372418]
Event: 1.176 Thread 0x0000013fd2070a60  865       3       java.lang.invoke.InvokerBytecodeGenerator::emitStoreResult (27 bytes)
Event: 1.177 Thread 0x0000013fd2070a60 nmethod 865 0x0000013fba372488 code [0x0000013fba3725c0, 0x0000013fba372788]
Event: 1.177 Thread 0x0000013fd2070a60  866       3       java.lang.invoke.LambdaForm$NamedFunction::intrinsicName (21 bytes)
Event: 1.177 Thread 0x0000013fd2070a60 nmethod 866 0x0000013fba372808 code [0x0000013fba372940, 0x0000013fba372b78]
Event: 1.181 Thread 0x0000013fd2070a60  870   !   3       java.nio.DirectIntBufferU::get (34 bytes)
Event: 1.182 Thread 0x0000013fd2070a60 nmethod 870 0x0000013fba372b88 code [0x0000013fba372d60, 0x0000013fba373610]
Event: 1.182 Thread 0x0000013fd2070a60  871       3       java.nio.DirectIntBufferU::ix (10 bytes)
Event: 1.182 Thread 0x0000013fd2070a60 nmethod 871 0x0000013fba373688 code [0x0000013fba3737a0, 0x0000013fba3738c0]
Event: 1.182 Thread 0x0000013fd2070a60  872       3       jdk.internal.jimage.ImageStringsReader::hashCode (33 bytes)
Event: 1.183 Thread 0x0000013fd2070a60 nmethod 872 0x0000013fba373988 code [0x0000013fba373ac0, 0x0000013fba373c30]
Event: 1.183 Thread 0x0000013fd2070a60  874       3       java.awt.Component::getTreeLock (4 bytes)
Event: 1.183 Thread 0x0000013fd2070a60 nmethod 874 0x0000013fba373c88 code [0x0000013fba373da0, 0x0000013fba373eb8]
Event: 1.183 Thread 0x0000013fd2070a60  873       1       java.awt.Component::getParent_NoClientCode (5 bytes)
Event: 1.183 Thread 0x0000013fd2070a60 nmethod 873 0x0000013fc1d57608 code [0x0000013fc1d57720, 0x0000013fc1d577e8]
Event: 1.190 Thread 0x0000013fd2055440 nmethod 753% 0x0000013fc1d57908 code [0x0000013fc1d57c80, 0x0000013fc1d5bbf0]
Event: 1.191 Thread 0x0000013fd2055440  791       4       sun.awt.image.PNGImageDecoder::filterRow (460 bytes)

GC Heap History (0 events):
No events

Dll operation events (9 events):
Event: 0.019 Loaded shared library C:\Users\DELL\.p2\pool\plugins\org.eclipse.justj.openjdk.hotspot.jre.full.win32.x86_64_23.0.2.v20250131-0604\jre\bin\java.dll
Event: 0.036 Loaded shared library C:\Users\DELL\.p2\pool\plugins\org.eclipse.justj.openjdk.hotspot.jre.full.win32.x86_64_23.0.2.v20250131-0604\jre\bin\zip.dll
Event: 0.405 Loaded shared library C:\Users\DELL\.p2\pool\plugins\org.eclipse.justj.openjdk.hotspot.jre.full.win32.x86_64_23.0.2.v20250131-0604\jre\bin\jimage.dll
Event: 0.431 Loaded shared library C:\Users\DELL\.p2\pool\plugins\org.eclipse.justj.openjdk.hotspot.jre.full.win32.x86_64_23.0.2.v20250131-0604\jre\bin\net.dll
Event: 0.434 Loaded shared library C:\Users\DELL\.p2\pool\plugins\org.eclipse.justj.openjdk.hotspot.jre.full.win32.x86_64_23.0.2.v20250131-0604\jre\bin\nio.dll
Event: 0.452 Loaded shared library C:\Users\DELL\.p2\pool\plugins\org.eclipse.justj.openjdk.hotspot.jre.full.win32.x86_64_23.0.2.v20250131-0604\jre\bin\zip.dll
Event: 0.496 Loaded shared library C:\Users\DELL\.p2\pool\plugins\org.eclipse.justj.openjdk.hotspot.jre.full.win32.x86_64_23.0.2.v20250131-0604\jre\bin\awt.dll
Event: 1.142 Loaded shared library C:\Users\DELL\.p2\pool\plugins\org.eclipse.justj.openjdk.hotspot.jre.full.win32.x86_64_23.0.2.v20250131-0604\jre\bin\freetype.dll
Event: 1.144 Loaded shared library C:\Users\DELL\.p2\pool\plugins\org.eclipse.justj.openjdk.hotspot.jre.full.win32.x86_64_23.0.2.v20250131-0604\jre\bin\fontmanager.dll

Deoptimization events (20 events):
Event: 1.096 Thread 0x0000013fd272f170 DEOPT PACKING pc=0x0000013fba35e134 sp=0x00000019c9bff2d0
Event: 1.096 Thread 0x0000013fd272f170 DEOPT UNPACKING pc=0x0000013fc17e4b22 sp=0x00000019c9bfe770 mode 0
Event: 1.096 Thread 0x0000013fd272f170 DEOPT PACKING pc=0x0000013fba35e134 sp=0x00000019c9bff2d0
Event: 1.096 Thread 0x0000013fd272f170 DEOPT UNPACKING pc=0x0000013fc17e4b22 sp=0x00000019c9bfe770 mode 0
Event: 1.096 Thread 0x0000013fd272f170 DEOPT PACKING pc=0x0000013fba35e134 sp=0x00000019c9bff2d0
Event: 1.096 Thread 0x0000013fd272f170 DEOPT UNPACKING pc=0x0000013fc17e4b22 sp=0x00000019c9bfe770 mode 0
Event: 1.096 Thread 0x0000013fd272f170 DEOPT PACKING pc=0x0000013fba35e134 sp=0x00000019c9bff2d0
Event: 1.096 Thread 0x0000013fd272f170 DEOPT UNPACKING pc=0x0000013fc17e4b22 sp=0x00000019c9bfe770 mode 0
Event: 1.097 Thread 0x0000013fd272f170 DEOPT PACKING pc=0x0000013fba35e134 sp=0x00000019c9bff2d0
Event: 1.097 Thread 0x0000013fd272f170 DEOPT UNPACKING pc=0x0000013fc17e4b22 sp=0x00000019c9bfe770 mode 0
Event: 1.097 Thread 0x0000013fd272f170 DEOPT PACKING pc=0x0000013fba35e134 sp=0x00000019c9bff2d0
Event: 1.097 Thread 0x0000013fd272f170 DEOPT UNPACKING pc=0x0000013fc17e4b22 sp=0x00000019c9bfe770 mode 0
Event: 1.097 Thread 0x0000013fd272f170 DEOPT PACKING pc=0x0000013fba35e134 sp=0x00000019c9bff2d0
Event: 1.097 Thread 0x0000013fd272f170 DEOPT UNPACKING pc=0x0000013fc17e4b22 sp=0x00000019c9bfe770 mode 0
Event: 1.097 Thread 0x0000013fd272f170 DEOPT PACKING pc=0x0000013fba35e134 sp=0x00000019c9bff2d0
Event: 1.097 Thread 0x0000013fd272f170 DEOPT UNPACKING pc=0x0000013fc17e4b22 sp=0x00000019c9bfe770 mode 0
Event: 1.156 Thread 0x0000013fb41cc1d0 Uncommon trap: trap_request=0xffffff45 fr.pc=0x0000013fc1d4a494 relative=0x0000000000000214
Event: 1.156 Thread 0x0000013fb41cc1d0 Uncommon trap: reason=unstable_if action=reinterpret pc=0x0000013fc1d4a494 method=java.lang.StringUTF16.compress([CI[BII)I @ 20 c2
Event: 1.156 Thread 0x0000013fb41cc1d0 DEOPT PACKING pc=0x0000013fc1d4a494 sp=0x00000019c85fddf0
Event: 1.156 Thread 0x0000013fb41cc1d0 DEOPT UNPACKING pc=0x0000013fc17e4402 sp=0x00000019c85fdd60 mode 2

Classes loaded (20 events):
Event: 1.171 Loading class sun/awt/Symbol$Encoder
Event: 1.171 Loading class sun/awt/Symbol$Encoder done
Event: 1.180 Loading class sun/awt/im/InputMethodManager
Event: 1.180 Loading class sun/awt/im/InputMethodManager done
Event: 1.180 Loading class sun/awt/im/ExecutableInputMethodManager
Event: 1.180 Loading class sun/awt/im/ExecutableInputMethodManager done
Event: 1.180 Loading class sun/awt/windows/WInputMethodDescriptor
Event: 1.180 Loading class java/awt/im/spi/InputMethodDescriptor
Event: 1.180 Loading class java/awt/im/spi/InputMethodDescriptor done
Event: 1.181 Loading class sun/awt/windows/WInputMethodDescriptor done
Event: 1.181 Loading class sun/awt/im/InputMethodLocator
Event: 1.181 Loading class sun/awt/im/InputMethodLocator done
Event: 1.181 Loading class sun/awt/im/ExecutableInputMethodManager$3
Event: 1.181 Loading class sun/awt/im/ExecutableInputMethodManager$3 done
Event: 1.182 Loading class java/awt/peer/LightweightPeer
Event: 1.182 Loading class java/awt/peer/LightweightPeer done
Event: 1.182 Loading class sun/awt/LightweightPeerHolder
Event: 1.182 Loading class sun/awt/LightweightPeerHolder done
Event: 1.182 Loading class sun/awt/NullComponentPeer
Event: 1.183 Loading class sun/awt/NullComponentPeer done

Classes unloaded (0 events):
No events

Classes redefined (0 events):
No events

Internal exceptions (11 events):
Event: 0.472 Thread 0x0000013fb41cc1d0 Exception <a 'java/lang/ClassNotFoundException'{0x00000000898cd538}: sun/awt/resources/spi/awtProvider> (0x00000000898cd538) 
thrown [s\src\hotspot\share\classfile\systemDictionary.cpp, line 313]
Event: 0.524 Thread 0x0000013fb41cc1d0 Exception <a 'java/io/FileNotFoundException'{0x00000000897243d0}> (0x00000000897243d0) 
thrown [s\src\hotspot\share\prims\jni.cpp, line 520]
Event: 0.538 Thread 0x0000013fb41cc1d0 Exception <a 'java/io/FileNotFoundException'{0x0000000089752ab8}> (0x0000000089752ab8) 
thrown [s\src\hotspot\share\prims\jni.cpp, line 520]
Event: 0.667 Thread 0x0000013fb41cc1d0 Exception <a 'java/lang/NoSuchMethodError'{0x0000000089664fb0}: 'void java.lang.invoke.DirectMethodHandle$Holder.invokeSpecial(java.lang.Object, java.lang.Object, java.lang.Object)'> (0x0000000089664fb0) 
thrown [s\src\hotspot\share\interpreter\linkResolver.cpp, line 796]
Event: 0.692 Thread 0x0000013fb41cc1d0 Exception <a 'java/lang/NoSuchMethodError'{0x00000000896b49a8}: 'java.lang.Object java.lang.invoke.DirectMethodHandle$Holder.invokeStatic(java.lang.Object, int, java.lang.Object)'> (0x00000000896b49a8) 
thrown [s\src\hotspot\share\interpreter\linkResolver.cpp, line 796]
Event: 0.730 Thread 0x0000013fb41cc1d0 Exception <a 'java/lang/ClassNotFoundException'{0x0000000089557848}: com/sun/swing/internal/plaf/metal/resources/spi/metalProvider> (0x0000000089557848) 
thrown [s\src\hotspot\share\classfile\systemDictionary.cpp, line 313]
Event: 0.732 Thread 0x0000013fb41cc1d0 Exception <a 'java/lang/ClassNotFoundException'{0x000000008955b888}: com/sun/swing/internal/plaf/basic/resources/spi/basicProvider> (0x000000008955b888) 
thrown [s\src\hotspot\share\classfile\systemDictionary.cpp, line 313]
Event: 0.751 Thread 0x0000013fb41cc1d0 Exception <a 'java/lang/NoSuchMethodError'{0x000000008957ba08}: 'int java.lang.invoke.Invokers$Holder.invokeExact_MT(java.lang.Object, java.lang.Object)'> (0x000000008957ba08) 
thrown [s\src\hotspot\share\interpreter\linkResolver.cpp, line 796]
Event: 0.928 Thread 0x0000013fd272f170 Exception <a 'java/lang/NoSuchMethodError'{0x0000000089399e80}: 'java.lang.Object java.lang.invoke.DirectMethodHandle$Holder.newInvokeSpecial(java.lang.Object, java.lang.Object, java.lang.Object, int, int, int, int, int)'> (0x0000000089399e80) 
thrown [s\src\hotspot\share\interpreter\linkResolver.cpp, line 796]
Event: 1.110 Thread 0x0000013fd26b4770 Exception <a 'java/lang/NoSuchMethodError'{0x000000008960f018}: 'void java.lang.invoke.DirectMethodHandle$Holder.invokeVirtual(java.lang.Object, java.lang.Object)'> (0x000000008960f018) 
thrown [s\src\hotspot\share\interpreter\linkResolver.cpp, line 796]
Event: 1.134 Thread 0x0000013fb41cc1d0 Exception <a 'java/lang/NoSuchMethodError'{0x00000000895cb640}: 'void java.lang.invoke.DirectMethodHandle$Holder.invokeStaticInit(java.lang.Object)'> (0x00000000895cb640) 
thrown [s\src\hotspot\share\interpreter\linkResolver.cpp, line 796]

VM Operations (12 events):
Event: 0.558 Executing VM operation: HandshakeAllThreads (Deoptimize)
Event: 0.558 Executing VM operation: HandshakeAllThreads (Deoptimize) done
Event: 0.730 Executing VM operation: HandshakeAllThreads (Deoptimize)
Event: 0.730 Executing VM operation: HandshakeAllThreads (Deoptimize) done
Event: 0.782 Executing VM operation: HandshakeAllThreads (Deoptimize)
Event: 0.782 Executing VM operation: HandshakeAllThreads (Deoptimize) done
Event: 0.787 Executing VM operation: HandshakeAllThreads (Deoptimize)
Event: 0.787 Executing VM operation: HandshakeAllThreads (Deoptimize) done
Event: 0.900 Executing VM operation: HandshakeAllThreads (Deoptimize)
Event: 0.900 Executing VM operation: HandshakeAllThreads (Deoptimize) done
Event: 1.020 Executing VM operation: HandshakeAllThreads (Deoptimize)
Event: 1.020 Executing VM operation: HandshakeAllThreads (Deoptimize) done

Memory protections (0 events):
No events

Nmethod flushes (0 events):
No events

Events (16 events):
Event: 0.033 Thread 0x0000013fb41cc1d0 Thread added: 0x0000013fb41cc1d0
Event: 0.138 Thread 0x0000013fb41cc1d0 Thread added: 0x0000013fd20294c0
Event: 0.139 Thread 0x0000013fb41cc1d0 Thread added: 0x0000013fd204d770
Event: 0.141 Thread 0x0000013fb41cc1d0 Thread added: 0x0000013fd20507b0
Event: 0.142 Thread 0x0000013fb41cc1d0 Thread added: 0x0000013fd20513c0
Event: 0.142 Thread 0x0000013fb41cc1d0 Thread added: 0x0000013fd20525c0
Event: 0.142 Thread 0x0000013fb41cc1d0 Thread added: 0x0000013fd2053970
Event: 0.142 Thread 0x0000013fb41cc1d0 Thread added: 0x0000013fd2055440
Event: 0.142 Thread 0x0000013fb41cc1d0 Thread added: 0x0000013fd2070a60
Event: 0.310 Thread 0x0000013fb41cc1d0 Thread added: 0x0000013fd221a570
Event: 0.323 Thread 0x0000013fb41cc1d0 Thread added: 0x0000013fd222b830
Event: 0.617 Thread 0x0000013fb41cc1d0 Thread added: 0x0000013fd2692fe0
Event: 0.619 Thread 0x0000013fb41cc1d0 Thread added: 0x0000013fd2693650
Event: 0.622 Thread 0x0000013fb41cc1d0 Thread added: 0x0000013fd26b4770
Event: 0.813 Thread 0x0000013fb41cc1d0 Thread added: 0x0000013fd272f170
Event: 1.109 Thread 0x0000013fd26b4770 Thread added: 0x0000013fd2af7c70


Dynamic libraries:
0x00007ff6d9740000 - 0x00007ff6d974e000 	C:\Users\DELL\.p2\pool\plugins\org.eclipse.justj.openjdk.hotspot.jre.full.win32.x86_64_23.0.2.v20250131-0604\jre\bin\javaw.exe
0x00007ffc1abd0000 - 0x00007ffc1adc8000 	C:\WINDOWS\SYSTEM32\ntdll.dll
0x00007ffc19e60000 - 0x00007ffc19f22000 	C:\WINDOWS\System32\KERNEL32.DLL
0x00007ffc18270000 - 0x00007ffc1856f000 	C:\WINDOWS\System32\KERNELBASE.dll
0x00007ffc18620000 - 0x00007ffc18720000 	C:\WINDOWS\System32\ucrtbase.dll
0x00007ffc03790000 - 0x00007ffc037a7000 	C:\Users\DELL\.p2\pool\plugins\org.eclipse.justj.openjdk.hotspot.jre.full.win32.x86_64_23.0.2.v20250131-0604\jre\bin\jli.dll
0x00007ffc1a910000 - 0x00007ffc1aaad000 	C:\WINDOWS\System32\USER32.dll
0x00007ffc18bc0000 - 0x00007ffc18be2000 	C:\WINDOWS\System32\win32u.dll
0x00007ffc18ca0000 - 0x00007ffc18ccb000 	C:\WINDOWS\System32\GDI32.dll
0x00007ffc18940000 - 0x00007ffc18a5a000 	C:\WINDOWS\System32\gdi32full.dll
0x00007ffc18830000 - 0x00007ffc188cd000 	C:\WINDOWS\System32\msvcp_win.dll
0x00007ffc03670000 - 0x00007ffc0368e000 	C:\Users\DELL\.p2\pool\plugins\org.eclipse.justj.openjdk.hotspot.jre.full.win32.x86_64_23.0.2.v20250131-0604\jre\bin\VCRUNTIME140.dll
0x00007ffc06390000 - 0x00007ffc0662a000 	C:\WINDOWS\WinSxS\amd64_microsoft.windows.common-controls_6595b64144ccf1df_6.0.19041.4355_none_60b8b9eb71f62e16\COMCTL32.dll
0x00007ffc19270000 - 0x00007ffc1930e000 	C:\WINDOWS\System32\msvcrt.dll
0x00007ffc18e80000 - 0x00007ffc18eaf000 	C:\WINDOWS\System32\IMM32.DLL
0x00007ffc04de0000 - 0x00007ffc04dec000 	C:\Users\DELL\.p2\pool\plugins\org.eclipse.justj.openjdk.hotspot.jre.full.win32.x86_64_23.0.2.v20250131-0604\jre\bin\vcruntime140_1.dll
0x00007ffbf2cc0000 - 0x00007ffbf2d4d000 	C:\Users\DELL\.p2\pool\plugins\org.eclipse.justj.openjdk.hotspot.jre.full.win32.x86_64_23.0.2.v20250131-0604\jre\bin\msvcp140.dll
0x00007ffbce200000 - 0x00007ffbcefce000 	C:\Users\DELL\.p2\pool\plugins\org.eclipse.justj.openjdk.hotspot.jre.full.win32.x86_64_23.0.2.v20250131-0604\jre\bin\server\jvm.dll
0x00007ffc1a3e0000 - 0x00007ffc1a48f000 	C:\WINDOWS\System32\ADVAPI32.dll
0x00007ffc19480000 - 0x00007ffc1951f000 	C:\WINDOWS\System32\sechost.dll
0x00007ffc1a2b0000 - 0x00007ffc1a3d3000 	C:\WINDOWS\System32\RPCRT4.dll
0x00007ffc18770000 - 0x00007ffc18797000 	C:\WINDOWS\System32\bcrypt.dll
0x00007ffc19410000 - 0x00007ffc1947b000 	C:\WINDOWS\System32\WS2_32.dll
0x00007ffc180d0000 - 0x00007ffc1811b000 	C:\WINDOWS\SYSTEM32\POWRPROF.dll
0x00007ffc05080000 - 0x00007ffc050a7000 	C:\WINDOWS\SYSTEM32\WINMM.dll
0x00007ffc04200000 - 0x00007ffc0420a000 	C:\WINDOWS\SYSTEM32\VERSION.dll
0x00007ffc180b0000 - 0x00007ffc180c2000 	C:\WINDOWS\SYSTEM32\UMPDC.dll
0x00007ffc16a50000 - 0x00007ffc16a62000 	C:\WINDOWS\SYSTEM32\kernel.appcore.dll
0x00007ffc090b0000 - 0x00007ffc090ba000 	C:\Users\DELL\.p2\pool\plugins\org.eclipse.justj.openjdk.hotspot.jre.full.win32.x86_64_23.0.2.v20250131-0604\jre\bin\jimage.dll
0x00007ffc15780000 - 0x00007ffc15964000 	C:\WINDOWS\SYSTEM32\DBGHELP.DLL
0x00007ffbfba30000 - 0x00007ffbfba64000 	C:\WINDOWS\SYSTEM32\dbgcore.DLL
0x00007ffc187a0000 - 0x00007ffc18822000 	C:\WINDOWS\System32\bcryptPrimitives.dll
0x00007ffc09020000 - 0x00007ffc0903e000 	C:\Users\DELL\.p2\pool\plugins\org.eclipse.justj.openjdk.hotspot.jre.full.win32.x86_64_23.0.2.v20250131-0604\jre\bin\java.dll
0x00007ffc19f40000 - 0x00007ffc1a06b000 	C:\WINDOWS\System32\ole32.dll
0x00007ffc18eb0000 - 0x00007ffc19205000 	C:\WINDOWS\System32\combase.dll
0x00007ffc19640000 - 0x00007ffc19dad000 	C:\WINDOWS\System32\SHELL32.dll
0x00007ffc08cc0000 - 0x00007ffc08cd7000 	C:\Users\DELL\.p2\pool\plugins\org.eclipse.justj.openjdk.hotspot.jre.full.win32.x86_64_23.0.2.v20250131-0604\jre\bin\zip.dll
0x00007ffc16260000 - 0x00007ffc16a03000 	C:\WINDOWS\SYSTEM32\windows.storage.dll
0x00007ffc17af0000 - 0x00007ffc17b1b000 	C:\WINDOWS\SYSTEM32\Wldp.dll
0x00007ffc1aac0000 - 0x00007ffc1ab8d000 	C:\WINDOWS\System32\OLEAUT32.dll
0x00007ffc18bf0000 - 0x00007ffc18c9d000 	C:\WINDOWS\System32\SHCORE.dll
0x00007ffc1a090000 - 0x00007ffc1a0e5000 	C:\WINDOWS\System32\shlwapi.dll
0x00007ffc181a0000 - 0x00007ffc181c5000 	C:\WINDOWS\SYSTEM32\profapi.dll
0x00007ffc090a0000 - 0x00007ffc090b0000 	C:\Users\DELL\.p2\pool\plugins\org.eclipse.justj.openjdk.hotspot.jre.full.win32.x86_64_23.0.2.v20250131-0604\jre\bin\net.dll
0x00007ffc178d0000 - 0x00007ffc1793c000 	C:\WINDOWS\system32\mswsock.dll
0x00007ffc05b70000 - 0x00007ffc05b86000 	C:\Users\DELL\.p2\pool\plugins\org.eclipse.justj.openjdk.hotspot.jre.full.win32.x86_64_23.0.2.v20250131-0604\jre\bin\nio.dll
0x00007ffbf1cd0000 - 0x00007ffbf1e5d000 	C:\Users\DELL\.p2\pool\plugins\org.eclipse.justj.openjdk.hotspot.jre.full.win32.x86_64_23.0.2.v20250131-0604\jre\bin\awt.dll
0x00007ffc14c20000 - 0x00007ffc14cb4000 	C:\WINDOWS\SYSTEM32\apphelp.dll
0x00007ffc15cc0000 - 0x00007ffc15cef000 	C:\WINDOWS\system32\DWMAPI.DLL
0x00007ffc159a0000 - 0x00007ffc15a3e000 	C:\WINDOWS\system32\uxtheme.dll
0x00007ffbe4e80000 - 0x00007ffbe4fa8000 	C:\WINDOWS\system32\opengl32.dll
0x00007ffc04890000 - 0x00007ffc048bc000 	C:\WINDOWS\SYSTEM32\GLU32.dll
0x00007ffc19520000 - 0x00007ffc19635000 	C:\WINDOWS\System32\MSCTF.dll
0x00007ffbf22a0000 - 0x00007ffbf2327000 	C:\Users\DELL\.p2\pool\plugins\org.eclipse.justj.openjdk.hotspot.jre.full.win32.x86_64_23.0.2.v20250131-0604\jre\bin\freetype.dll
0x00007ffbf1bf0000 - 0x00007ffbf1cc8000 	C:\Users\DELL\.p2\pool\plugins\org.eclipse.justj.openjdk.hotspot.jre.full.win32.x86_64_23.0.2.v20250131-0604\jre\bin\fontmanager.dll
0x00007ffc19db0000 - 0x00007ffc19e59000 	C:\WINDOWS\System32\clbcatq.dll
0x00007ffc15460000 - 0x00007ffc15614000 	C:\WINDOWS\SYSTEM32\WindowsCodecs.dll
0x00007ffbfec80000 - 0x00007ffbfecbe000 	C:\WINDOWS\system32\dataexchange.dll
0x00007ffc13970000 - 0x00007ffc13b54000 	C:\WINDOWS\system32\dcomp.dll
0x00007ffc136d0000 - 0x00007ffc13933000 	C:\WINDOWS\system32\d3d11.dll
0x00007ffc16ac0000 - 0x00007ffc16bb6000 	C:\WINDOWS\system32\dxgi.dll
0x00007ffc10900000 - 0x00007ffc10b03000 	C:\WINDOWS\system32\twinapi.appcore.dll
0x00007ffc0d9d0000 - 0x00007ffc0dac9000 	C:\WINDOWS\SYSTEM32\textinputframework.dll
0x00007ffc13f30000 - 0x00007ffc1428b000 	C:\WINDOWS\System32\CoreUIComponents.dll
0x00007ffc14290000 - 0x00007ffc14382000 	C:\WINDOWS\System32\CoreMessaging.dll
0x00007ffc17460000 - 0x00007ffc17493000 	C:\WINDOWS\SYSTEM32\ntmarta.dll
0x00007ffc145e0000 - 0x00007ffc14737000 	C:\WINDOWS\SYSTEM32\wintypes.dll

dbghelp: loaded successfully - version: 4.0.5 - missing functions: none
symbol engine: initialized successfully - sym options: 0x614 - pdb path: .;C:\Users\DELL\.p2\pool\plugins\org.eclipse.justj.openjdk.hotspot.jre.full.win32.x86_64_23.0.2.v20250131-0604\jre\bin;C:\WINDOWS\SYSTEM32;C:\WINDOWS\WinSxS\amd64_microsoft.windows.common-controls_6595b64144ccf1df_6.0.19041.4355_none_60b8b9eb71f62e16;C:\Users\DELL\.p2\pool\plugins\org.eclipse.justj.openjdk.hotspot.jre.full.win32.x86_64_23.0.2.v20250131-0604\jre\bin\server

VM Arguments:
jvm_args: -Dfile.encoding=UTF-8 -Dstdout.encoding=UTF-8 -Dstderr.encoding=UTF-8 -XX:+ShowCodeDetailsInExceptionMessages 
java_command: electricity.billing.system.Login
java_class_path (initial): C:\Users\DELL\Desktop\New folder\Electricity-Billing-System-Java-Project-master\out\production\Electiricity Billing System;D:\mysql-connector-j-9.2.0\mysql-connector-j-9.2.0.jar
Launcher Type: SUN_STANDARD

[Global flags]
     intx CICompilerCount                          = 3                                         {product} {ergonomic}
     uint ConcGCThreads                            = 1                                         {product} {ergonomic}
     uint G1ConcRefinementThreads                  = 4                                         {product} {ergonomic}
   size_t G1HeapRegionSize                         = 1048576                                   {product} {ergonomic}
   size_t InitialHeapSize                          = 134217728                                 {product} {ergonomic}
   size_t MarkStackSize                            = 4194304                                   {product} {ergonomic}
   size_t MarkStackSizeMax                         = 536870912                                 {product} {ergonomic}
   size_t MaxHeapSize                              = 2120220672                                {product} {ergonomic}
   size_t MaxNewSize                               = 1271922688                                {product} {ergonomic}
   size_t MinHeapDeltaBytes                        = 1048576                                   {product} {ergonomic}
   size_t MinHeapSize                              = 8388608                                   {product} {ergonomic}
    uintx NonNMethodCodeHeapSize                   = 5832704                                {pd product} {ergonomic}
    uintx NonProfiledCodeHeapSize                  = 122945536                              {pd product} {ergonomic}
    uintx ProfiledCodeHeapSize                     = 122880000                              {pd product} {ergonomic}
    uintx ReservedCodeCacheSize                    = 251658240                              {pd product} {ergonomic}
     bool SegmentedCodeCache                       = true                                      {product} {ergonomic}
     bool ShowCodeDetailsInExceptionMessages       = true                                   {manageable} {command line}
   size_t SoftMaxHeapSize                          = 2120220672                             {manageable} {ergonomic}
     bool UseCompressedOops                        = true                           {product lp64_product} {ergonomic}
     bool UseG1GC                                  = true                                      {product} {ergonomic}
     bool UseLargePagesIndividualAllocation        = false                                  {pd product} {ergonomic}

Logging:
Log output configuration:
 #0: stdout all=warning uptime,level,tags foldmultilines=false
 #1: stderr all=off uptime,level,tags foldmultilines=false

Environment Variables:
JAVA_HOME=D:\downloadss\microsoft-jdk-17.0.14-windows-x64
PATH=C:/Users/DELL/.p2/pool/plugins/org.eclipse.justj.openjdk.hotspot.jre.full.win32.x86_64_23.0.2.v20250131-0604/jre/bin/server;C:/Users/DELL/.p2/pool/plugins/org.eclipse.justj.openjdk.hotspot.jre.full.win32.x86_64_23.0.2.v20250131-0604/jre/bin;C:\Python312\Scripts\;C:\Python312\;C:\WINDOWS\system32;C:\WINDOWS;C:\WINDOWS\System32\Wbem;C:\WINDOWS\System32\WindowsPowerShell\v1.0\;C:\WINDOWS\System32\OpenSSH\;C:\MinGW\bin;C:\ProgramData\chocolatey\bin;C:\Program Files (x86)\Microsoft SQL Server\160\Tools\Binn\;C:\Program Files\Microsoft SQL Server\160\Tools\Binn\;C:\Program Files\Microsoft SQL Server\Client SDK\ODBC\170\Tools\Binn\;C:\Program Files\Microsoft SQL Server\160\DTS\Binn\;C:\Users\DELL\AppData\Local\Programs\Python\Python313;C:\Users\DELL\AppData\Local\Programs\Python\Python313\Scripts;C:\Program Files\nodejs\;D:\downloadss\microsoft-jdk-17.0.14-windows-x64\bin;D:\downloadss\javafx-sdk-23.0.2\lib;C:\Users\DELL\AppData\Local\Programs\Eclipse Adoptium\jre-21.0.6.7-hotspot\bin;C:\Users\DELL\AppData\Local\Programs\Microsoft\jdk-17.0.14.7-hotspot\bin;C:\Users\DELL\AppData\Local\Programs\Python\Launcher\;C:\Users\DELL\AppData\Local\Microsoft\WindowsApps;C:\Users\DELL\Desktop\python-3.13.1-amd64;D:\Vs code setup\Microsoft VS Code\bin;C:\Users\DELL\AppData\Roaming\npm;C:\WINDOWS\System32;
USERNAME=DELL
OS=Windows_NT
PROCESSOR_IDENTIFIER=Intel64 Family 6 Model 78 Stepping 3, GenuineIntel
TMP=C:\Users\DELL\AppData\Local\Temp
TEMP=C:\Users\DELL\AppData\Local\Temp




Periodic native trim disabled

---------------  S Y S T E M  ---------------

OS:
 Windows 10 , 64 bit Build 19041 (10.0.19041.5438)
OS uptime: 13 days 5:31 hours
Hyper-V role detected

CPU: total 4 (initial active 4) (2 cores per cpu, 2 threads per core) family 6 model 78 stepping 3 microcode 0xf0, cx8, cmov, fxsr, ht, mmx, 3dnowpref, sse, sse2, sse3, ssse3, sse4.1, sse4.2, popcnt, lzcnt, tsc, tscinvbit, avx, avx2, aes, erms, clmul, bmi1, bmi2, rtm, adx, fma, vzeroupper, clflush, clflushopt, hv, rdtscp, f16c
Processor Information for processor 0
  Max Mhz: 2501, Current Mhz: 2501, Mhz Limit: 2501
Processor Information for processor 1
  Max Mhz: 2501, Current Mhz: 1500, Mhz Limit: 2501
Processor Information for processor 2
  Max Mhz: 2501, Current Mhz: 2501, Mhz Limit: 2501
Processor Information for processor 3
  Max Mhz: 2501, Current Mhz: 2501, Mhz Limit: 2501

Memory: 4k page, system-wide physical 8083M (621M free)
TotalPageFile size 14168M (AvailPageFile size 5M)
current process WorkingSet (physical memory assigned to process): 77M, peak: 77M
current process commit charge ("private bytes"): 220M, peak: 220M

vm_info: OpenJDK 64-Bit Server VM (23.0.2+7) for windows-amd64 JRE (23.0.2+7), built on 2025-01-21T00:00:00Z with MS VC++ 17.7 (VS2022)

END.
